执行 auto-iptv/run.sh...
/root/TVBOX/autorun.sh: line 5: cd: ../auto-iptv: No such file or directory
执行 auto-iptv/run.sh 失败，无法执行 push.sh。
执行 auto-iptv/run.sh...
执行 spider.sh...
Extracted M3U8 Links for '翡翠台':
翡翠台,http://www.namewee.xyz/gudou.php?id=364&id=1350_4500
翡翠台,http://r.jdshipin.com/62WM7
翡翠台,http://r.jdshipin.com/qClQf
翡翠台,http://198.16.100.90:8278/Wlt/playlist.m3u8?tid=MC9C7523788875237888&ct=19225&tsum=fc74aa160d3ca61369c2e5f3ae79ee8e
翡翠台,http://198.16.100.90:8278/jade_twn/playlist.m3u8?tid=ME6E1330319113303191&ct=19225&tsum=d76985c4965fd63807e131035f66af09
翡翠台,https://edge6a.v2h-cdn.com/jade/jade.stream/chunklist.m3u8
翡翠台,http://r.jdshipin.com/qClQf
翡翠台,https://edge6a.v2h-cdn.com/jade/jade.stream/chunklist.m3u8
翡翠台,http://120.236.57.77:9901/tsfile/live/1076_1.m3u8
翡翠台,https://epg.pw/stream/fe02817d95c6d58f41e1ea8208b5a8c9462bf525b153819b0c3918406127925a.m3u8
翡翠台,https://cloudfront41.lexanetwork.com:1344/relay01/livestream002.sdp/playlist.m3u8
Search results for '翡翠台' saved to /root/auto-iptv/spider/txt/tvb_jade.txt
Extracted M3U8 Links for '明珠台':
明珠台,http://r.jdshipin.com/ZQ4kN
Search results for '明珠台' saved to /root/auto-iptv/spider/txt/mingzhu.txt
Extracted M3U8 Links for '无线新闻':
无线新闻,http://198.16.100.90:8278/inews_twn/playlist.m3u8?tid=MF7F8784108987841089&ct=19225&tsum=50d719a9ed62cc070153963585e6d9d3
无线新闻,http://198.16.100.90:8278/inews_twn/playlist.m3u8?tid=MD8D9734527497345274&ct=19249&tsum=88c5d57f9fdce89810d61e1001910a80
无线新闻,http://live.cooltv.top/tv/tvb.php?id=0&hq
无线新闻,http://198.16.100.90:8278/inews_twn/playlist.m3u8?tid=MD8D9734527497345274&ct=19249&tsum=88c5d57f9fdce89810d61e1001910a80
无线新闻,http://198.16.100.90:8278/inews_twn/playlist.m3u8?tid=MF7F8784108987841089&ct=19225&tsum=50d719a9ed62cc070153963585e6d9d3
无线新闻,http://r.jdshipin.com/CkuBd
无线新闻,https://t4.iptv200.com/live/inews/index.m3u8?session=dgzi7iusryrvy2x5ykfvn8rvsbjkjbgm
无线新闻,http://www.nettvpro.live/hls/tvb.php?id=1
Search results for '无线新闻' saved to /root/auto-iptv/spider/txt/tvb_news.txt
Extracted M3U8 Links for 'ViuTV':
ViuTV,http://r.jdshipin.com/vSJvl
Search results for 'ViuTV' saved to /root/auto-iptv/spider/txt/ViuTV.txt
执行 m3u.sh...
--2023-12-29 01:55:09--  https://gyssi.link/iptv/chinaiptv/%E5%B9%BF%E4%B8%9C.m3u
Resolving gyssi.link (gyssi.link)... 172.67.151.20, 104.21.32.112, 2606:4700:3032::ac43:9714, ...
Connecting to gyssi.link (gyssi.link)|172.67.151.20|:443... connected.
HTTP request sent, awaiting response... 401 Unauthorized

Username/Password Authentication Failed.
执行 down_txt.sh...
--2023-12-29 01:55:12--  https://tv.lan2wan.top/live.txt
Resolving tv.lan2wan.top (tv.lan2wan.top)... 104.21.16.223, 172.67.216.67, 2606:4700:3036::ac43:d843, ...
Connecting to tv.lan2wan.top (tv.lan2wan.top)|104.21.16.223|:443... connected.
HTTP request sent, awaiting response... 200 OK
Length: unspecified [text/plain]
Saving to: ‘./txt/live.txt’

     0K .......... .......... .......... .......... .......... 22.4M
    50K .......... .......... .......... .......... .......... 20.4M
   100K .......... .......... .......... .......... .......... 28.7M
   150K .......... .......... .......... ...                   30.5M=0.007s

2023-12-29 01:55:13 (24.4 MB/s) - ‘./txt/live.txt’ saved [187880]

Downloaded: /root/auto-iptv/txt/txt/fmml_dv6.txt
Downloaded: /root/auto-iptv/txt/txt/fmml_ipv6.txt
Downloaded: /root/auto-iptv/txt/txt/fmml_v6.txt
Downloaded: /root/auto-iptv/txt/txt/o_all.txt
Downloaded: /root/auto-iptv/txt/txt/o_cn.txt
Downloaded: /root/auto-iptv/txt/txt/o_s_cn.txt
Downloaded: /root/auto-iptv/txt/txt/o_s_cn_112114.txt
Downloaded: /root/auto-iptv/txt/txt/o_s_cn_cctv.txt
Downloaded: /root/auto-iptv/txt/txt/o_s_cn_cgtn.txt
Downloaded: /root/auto-iptv/txt/txt/cn.txt
Downloaded: /root/auto-iptv/txt/txt/cn_n.txt
Downloaded: /root/auto-iptv/txt/txt/cn_c.txt
Downloaded: /root/auto-iptv/txt/txt/cn_p.txt
Downloaded: /root/auto-iptv/txt/txt/all.txt
Downloaded: /root/auto-iptv/txt/txt/ycl_iptv.txt
Downloaded: /root/auto-iptv/txt/txt/y_g.txt
All files downloaded successfully!
全部文件已转换成功!
执行 txt2db.py...
执行 auto-source.py...
将 IPTV-tvbox.txt 文件复制到 TVBOX 文件夹...
脚本执行完成。
执行当前目录下的 push.sh...
/root/TVBOX/autorun.sh: line 14: ./push.sh: No such file or directory
脚本执行完成。
执行 auto-iptv/run.sh...
执行 spider.sh...
Error during request: HTTPConnectionPool(host='tonkiang.us', port=80): Read timed out. (read timeout=10)
Retrying... (Attempt 1/3)
Error during request: HTTPConnectionPool(host='tonkiang.us', port=80): Read timed out. (read timeout=10)
Retrying... (Attempt 2/3)
Error during request: HTTPConnectionPool(host='tonkiang.us', port=80): Read timed out. (read timeout=10)
Retrying... (Attempt 3/3)
Traceback (most recent call last):
  File "/root/auto-iptv/spider/spider.py", line 93, in <module>
    print(f"Maximum number of retries reached for '{name}'. Moving to the next data.")
NameError: name 'name' is not defined
执行 m3u.sh...
--2023-12-29 02:06:34--  https://gyssi.link/iptv/chinaiptv/%E5%B9%BF%E4%B8%9C.m3u
Resolving gyssi.link (gyssi.link)... 104.21.32.112, 172.67.151.20, 2606:4700:3032::ac43:9714, ...
Connecting to gyssi.link (gyssi.link)|104.21.32.112|:443... connected.
HTTP request sent, awaiting response... 401 Unauthorized

Username/Password Authentication Failed.
执行 down_txt.sh...
--2023-12-29 02:06:38--  https://tv.lan2wan.top/live.txt
Resolving tv.lan2wan.top (tv.lan2wan.top)... 172.67.216.67, 104.21.16.223, 2606:4700:3036::ac43:d843, ...
Connecting to tv.lan2wan.top (tv.lan2wan.top)|172.67.216.67|:443... connected.
HTTP request sent, awaiting response... 200 OK
Length: unspecified [text/plain]
Saving to: ‘./txt/live.txt’

     0K .......... .......... .......... .......... .......... 28.5M
    50K .......... .......... .......... .......... .......... 7.84M
   100K .......... .......... .......... .......... .......... 20.2M
   150K .......... .......... .......... ...                   54.7M=0.01s

2023-12-29 02:06:38 (16.4 MB/s) - ‘./txt/live.txt’ saved [187880]

Downloaded: /root/auto-iptv/txt/txt/fmml_dv6.txt
Downloaded: /root/auto-iptv/txt/txt/fmml_ipv6.txt
Downloaded: /root/auto-iptv/txt/txt/fmml_v6.txt
Downloaded: /root/auto-iptv/txt/txt/o_all.txt
Downloaded: /root/auto-iptv/txt/txt/o_cn.txt
Downloaded: /root/auto-iptv/txt/txt/o_s_cn.txt
Downloaded: /root/auto-iptv/txt/txt/o_s_cn_112114.txt
Downloaded: /root/auto-iptv/txt/txt/o_s_cn_cctv.txt
Downloaded: /root/auto-iptv/txt/txt/o_s_cn_cgtn.txt
Downloaded: /root/auto-iptv/txt/txt/cn.txt
Downloaded: /root/auto-iptv/txt/txt/cn_n.txt
Downloaded: /root/auto-iptv/txt/txt/cn_c.txt
Downloaded: /root/auto-iptv/txt/txt/cn_p.txt
Downloaded: /root/auto-iptv/txt/txt/all.txt
Downloaded: /root/auto-iptv/txt/txt/ycl_iptv.txt
Downloaded: /root/auto-iptv/txt/txt/y_g.txt
All files downloaded successfully!
全部文件已转换成功!
执行 txt2db.py...
执行 auto-source.py...
将 IPTV-tvbox.txt 文件复制到 TVBOX 文件夹...
脚本执行完成。
执行当前目录下的 push.sh...
/root/TVBOX/autorun.sh: line 14: cd: ../TVBOX: No such file or directory
脚本执行完成。
执行 auto-iptv/run.sh...
执行 spider.sh...
Extracted M3U8 Links for '翡翠台':
翡翠台,http://www.namewee.xyz/gudou.php?id=364&id=1350_4500
翡翠台,http://r.jdshipin.com/62WM7
翡翠台,http://r.jdshipin.com/qClQf
翡翠台,http://198.16.100.90:8278/Wlt/playlist.m3u8?tid=MC9C7523788875237888&ct=19225&tsum=fc74aa160d3ca61369c2e5f3ae79ee8e
翡翠台,http://198.16.100.90:8278/jade_twn/playlist.m3u8?tid=ME6E1330319113303191&ct=19225&tsum=d76985c4965fd63807e131035f66af09
翡翠台,https://edge6a.v2h-cdn.com/jade/jade.stream/chunklist.m3u8
翡翠台,http://r.jdshipin.com/qClQf
翡翠台,https://edge6a.v2h-cdn.com/jade/jade.stream/chunklist.m3u8
翡翠台,http://120.236.57.77:9901/tsfile/live/1076_1.m3u8
翡翠台,https://epg.pw/stream/fe02817d95c6d58f41e1ea8208b5a8c9462bf525b153819b0c3918406127925a.m3u8
翡翠台,https://cloudfront41.lexanetwork.com:1344/relay01/livestream002.sdp/playlist.m3u8
Search results for '翡翠台' saved to /root/auto-iptv/spider/txt/tvb_jade.txt
Extracted M3U8 Links for '明珠台':
明珠台,http://r.jdshipin.com/ZQ4kN
Search results for '明珠台' saved to /root/auto-iptv/spider/txt/mingzhu.txt
Extracted M3U8 Links for '无线新闻':
无线新闻,http://198.16.100.90:8278/inews_twn/playlist.m3u8?tid=MF7F8784108987841089&ct=19225&tsum=50d719a9ed62cc070153963585e6d9d3
无线新闻,http://198.16.100.90:8278/inews_twn/playlist.m3u8?tid=MD8D9734527497345274&ct=19249&tsum=88c5d57f9fdce89810d61e1001910a80
无线新闻,http://live.cooltv.top/tv/tvb.php?id=0&hq
无线新闻,http://198.16.100.90:8278/inews_twn/playlist.m3u8?tid=MD8D9734527497345274&ct=19249&tsum=88c5d57f9fdce89810d61e1001910a80
无线新闻,http://198.16.100.90:8278/inews_twn/playlist.m3u8?tid=MF7F8784108987841089&ct=19225&tsum=50d719a9ed62cc070153963585e6d9d3
无线新闻,http://r.jdshipin.com/CkuBd
无线新闻,https://t4.iptv200.com/live/inews/index.m3u8?session=dgzi7iusryrvy2x5ykfvn8rvsbjkjbgm
无线新闻,http://www.nettvpro.live/hls/tvb.php?id=1
Search results for '无线新闻' saved to /root/auto-iptv/spider/txt/tvb_news.txt
Extracted M3U8 Links for 'ViuTV':
ViuTV,http://r.jdshipin.com/vSJvl
Search results for 'ViuTV' saved to /root/auto-iptv/spider/txt/ViuTV.txt
执行 m3u.sh...
--2023-12-29 02:13:10--  https://gyssi.link/iptv/chinaiptv/%E5%B9%BF%E4%B8%9C.m3u
Resolving gyssi.link (gyssi.link)... 104.21.32.112, 172.67.151.20, 2606:4700:3032::6815:2070, ...
Connecting to gyssi.link (gyssi.link)|104.21.32.112|:443... connected.
HTTP request sent, awaiting response... 401 Unauthorized

Username/Password Authentication Failed.
执行 down_txt.sh...
--2023-12-29 02:13:13--  https://tv.lan2wan.top/live.txt
Resolving tv.lan2wan.top (tv.lan2wan.top)... 104.21.16.223, 172.67.216.67, 2606:4700:3034::6815:10df, ...
Connecting to tv.lan2wan.top (tv.lan2wan.top)|104.21.16.223|:443... connected.
HTTP request sent, awaiting response... 200 OK
Length: unspecified [text/plain]
Saving to: ‘./txt/live.txt’

     0K .......... .......... .......... .......... .......... 47.2M
    50K .......... .......... .......... .......... .......... 7.77M
   100K .......... .......... .......... .......... .......... 19.7M
   150K .......... .......... .......... ...                   55.9M=0.01s

2023-12-29 02:13:14 (17.3 MB/s) - ‘./txt/live.txt’ saved [187880]

Downloaded: /root/auto-iptv/txt/txt/fmml_dv6.txt
Downloaded: /root/auto-iptv/txt/txt/fmml_ipv6.txt
Downloaded: /root/auto-iptv/txt/txt/fmml_v6.txt
Downloaded: /root/auto-iptv/txt/txt/o_all.txt
Downloaded: /root/auto-iptv/txt/txt/o_cn.txt
Downloaded: /root/auto-iptv/txt/txt/o_s_cn.txt
Downloaded: /root/auto-iptv/txt/txt/o_s_cn_112114.txt
Downloaded: /root/auto-iptv/txt/txt/o_s_cn_cctv.txt
Downloaded: /root/auto-iptv/txt/txt/o_s_cn_cgtn.txt
Downloaded: /root/auto-iptv/txt/txt/cn.txt
Downloaded: /root/auto-iptv/txt/txt/cn_n.txt
Downloaded: /root/auto-iptv/txt/txt/cn_c.txt
Downloaded: /root/auto-iptv/txt/txt/cn_p.txt
Downloaded: /root/auto-iptv/txt/txt/all.txt
Downloaded: /root/auto-iptv/txt/txt/ycl_iptv.txt
Downloaded: /root/auto-iptv/txt/txt/y_g.txt
All files downloaded successfully!
全部文件已转换成功!
执行 txt2db.py...
执行 auto-source.py...
将 IPTV-tvbox.txt 文件复制到 TVBOX 文件夹...
脚本执行完成。
执行当前目录下的 push.sh...
当前工作目录：/root
push.sh 的绝对路径：/root/TVBOX/push.sh
执行 push.sh...
fatal: not a git repository (or any of the parent directories): .git
fatal: not a git repository (or any of the parent directories): .git
fatal: not a git repository (or any of the parent directories): .git
文件推送完成。
脚本执行完成。
执行 auto-iptv/run.sh...
执行 spider.sh...
Extracted M3U8 Links for '翡翠台':
翡翠台,http://www.namewee.xyz/gudou.php?id=364&id=1350_4500
翡翠台,http://r.jdshipin.com/62WM7
翡翠台,http://r.jdshipin.com/qClQf
翡翠台,http://198.16.100.90:8278/Wlt/playlist.m3u8?tid=MC9C7523788875237888&ct=19225&tsum=fc74aa160d3ca61369c2e5f3ae79ee8e
翡翠台,http://198.16.100.90:8278/jade_twn/playlist.m3u8?tid=ME6E1330319113303191&ct=19225&tsum=d76985c4965fd63807e131035f66af09
翡翠台,https://edge6a.v2h-cdn.com/jade/jade.stream/chunklist.m3u8
翡翠台,http://r.jdshipin.com/qClQf
翡翠台,https://edge6a.v2h-cdn.com/jade/jade.stream/chunklist.m3u8
翡翠台,http://120.236.57.77:9901/tsfile/live/1076_1.m3u8
翡翠台,https://epg.pw/stream/fe02817d95c6d58f41e1ea8208b5a8c9462bf525b153819b0c3918406127925a.m3u8
翡翠台,https://cloudfront41.lexanetwork.com:1344/relay01/livestream002.sdp/playlist.m3u8
Search results for '翡翠台' saved to /root/auto-iptv/spider/txt/tvb_jade.txt
Extracted M3U8 Links for '明珠台':
明珠台,http://r.jdshipin.com/ZQ4kN
Search results for '明珠台' saved to /root/auto-iptv/spider/txt/mingzhu.txt
Extracted M3U8 Links for '无线新闻':
无线新闻,http://198.16.100.90:8278/inews_twn/playlist.m3u8?tid=MF7F8784108987841089&ct=19225&tsum=50d719a9ed62cc070153963585e6d9d3
无线新闻,http://198.16.100.90:8278/inews_twn/playlist.m3u8?tid=MD8D9734527497345274&ct=19249&tsum=88c5d57f9fdce89810d61e1001910a80
无线新闻,http://live.cooltv.top/tv/tvb.php?id=0&hq
无线新闻,http://198.16.100.90:8278/inews_twn/playlist.m3u8?tid=MD8D9734527497345274&ct=19249&tsum=88c5d57f9fdce89810d61e1001910a80
无线新闻,http://198.16.100.90:8278/inews_twn/playlist.m3u8?tid=MF7F8784108987841089&ct=19225&tsum=50d719a9ed62cc070153963585e6d9d3
无线新闻,http://r.jdshipin.com/CkuBd
无线新闻,https://t4.iptv200.com/live/inews/index.m3u8?session=dgzi7iusryrvy2x5ykfvn8rvsbjkjbgm
无线新闻,http://www.nettvpro.live/hls/tvb.php?id=1
Search results for '无线新闻' saved to /root/auto-iptv/spider/txt/tvb_news.txt
Extracted M3U8 Links for 'ViuTV':
ViuTV,http://r.jdshipin.com/vSJvl
Search results for 'ViuTV' saved to /root/auto-iptv/spider/txt/ViuTV.txt
执行 m3u.sh...
--2023-12-29 02:25:09--  https://gyssi.link/iptv/chinaiptv/%E5%B9%BF%E4%B8%9C.m3u?token=eyJhbGciOiJIUzI1NiIsInR5cCI6IkpXVCJ9.eyJ1c2VySWQiOjYyNTI0MjU0NTQsImlhdCI6MTcwMzcyNTM0MSwiZXhwIjoxNzA2MzE3MzQxfQ.YaH-kyL1eySTSBwLcwjucDOAe34f_TJQ4WeCgB2HUao
Resolving gyssi.link (gyssi.link)... 172.67.151.20, 104.21.32.112, 2606:4700:3032::ac43:9714, ...
Connecting to gyssi.link (gyssi.link)|172.67.151.20|:443... connected.
HTTP request sent, awaiting response... 200 OK
Length: unspecified
Saving to: ‘gd.m3u’

     0K .......... .......... .......... .......... ..........  234K
    50K .......... .......                                     59.4M=0.2s

2023-12-29 02:25:10 (316 KB/s) - ‘gd.m3u’ saved [69139]

执行 down_txt.sh...
--2023-12-29 02:25:13--  https://tv.lan2wan.top/live.txt
Resolving tv.lan2wan.top (tv.lan2wan.top)... 172.67.216.67, 104.21.16.223, 2606:4700:3034::6815:10df, ...
Connecting to tv.lan2wan.top (tv.lan2wan.top)|172.67.216.67|:443... connected.
HTTP request sent, awaiting response... 200 OK
Length: unspecified [text/plain]
Saving to: ‘./txt/live.txt’

     0K .......... .......... .......... .......... .......... 57.8M
    50K .......... .......... .......... .......... .......... 22.6M
   100K .......... .......... .......... .......... .......... 26.7M
   150K .......... .......... .......... ...                   63.7M=0.005s

2023-12-29 02:25:13 (33.5 MB/s) - ‘./txt/live.txt’ saved [187880]

Downloaded: /root/auto-iptv/txt/txt/fmml_dv6.txt
Downloaded: /root/auto-iptv/txt/txt/fmml_ipv6.txt
Downloaded: /root/auto-iptv/txt/txt/fmml_v6.txt
Downloaded: /root/auto-iptv/txt/txt/o_all.txt
Downloaded: /root/auto-iptv/txt/txt/o_cn.txt
Downloaded: /root/auto-iptv/txt/txt/o_s_cn.txt
Downloaded: /root/auto-iptv/txt/txt/o_s_cn_112114.txt
Downloaded: /root/auto-iptv/txt/txt/o_s_cn_cctv.txt
Downloaded: /root/auto-iptv/txt/txt/o_s_cn_cgtn.txt
Downloaded: /root/auto-iptv/txt/txt/cn.txt
Downloaded: /root/auto-iptv/txt/txt/cn_n.txt
Downloaded: /root/auto-iptv/txt/txt/cn_c.txt
Downloaded: /root/auto-iptv/txt/txt/cn_p.txt
Downloaded: /root/auto-iptv/txt/txt/all.txt
Downloaded: /root/auto-iptv/txt/txt/ycl_iptv.txt
Downloaded: /root/auto-iptv/txt/txt/y_g.txt
All files downloaded successfully!
全部文件已转换成功!
执行 txt2db.py...
执行 auto-source.py...
将 IPTV-tvbox.txt 文件复制到 TVBOX 文件夹...
脚本执行完成。
[main 88c2713] Add file: IPTV-tvbox.txt
 2 files changed, 188 insertions(+), 3 deletions(-)
To github.com:sr1cky/TVBOX.git
   6d813e0..88c2713  main -> main
文件推送完成。
